Mar 05 20:11:39 server3 sshd[9979]: Log ID 1: ERROR - Example log message 1
Mar 05 20:11:39 server3 systemd[9560]: Log ID 2: ERROR - Example log message 2
Mar 05 20:11:39 server2 nginx[1757]: Log ID 3: INFO - Example log message 3
Mar 05 20:11:39 server1 kernel[2298]: Log ID 4: ERROR - Example log message 4
Mar 05 20:11:39 server1 docker[3712]: Log ID 5: DEBUG - Example log message 5
Mar 05 20:11:39 server3 nginx[7916]: Log ID 6: INFO - Example log message 6
Mar 05 20:11:39 server3 nginx[7097]: Log ID 7: ERROR - Example log message 7
Mar 05 20:11:39 server3 docker[3314]: Log ID 8: WARNING - Example log message 8
Mar 05 20:11:39 server2 nginx[2428]: Log ID 9: ERROR - Example log message 9
Mar 05 20:11:39 server2 sshd[7055]: Log ID 10: ERROR - Example log message 10
Mar 05 20:11:39 server1 kernel[6417]: Log ID 11: WARNING - Example log message 11
Mar 05 20:11:39 server1 kernel[1103]: Log ID 12: DEBUG - Example log message 12
Mar 05 20:11:39 server3 systemd[9420]: Log ID 13: DEBUG - Example log message 13
Mar 05 20:11:39 server1 nginx[2036]: Log ID 14: INFO - Example log message 14
Mar 05 20:11:39 server1 sshd[9660]: Log ID 15: WARNING - Example log message 15
Mar 05 20:11:39 server1 docker[2348]: Log ID 16: DEBUG - Example log message 16
Mar 05 20:11:39 server1 nginx[3980]: Log ID 17: WARNING - Example log message 17
Mar 05 20:11:39 server1 systemd[9207]: Log ID 18: ERROR - Example log message 18
Mar 05 20:11:39 server1 kernel[8383]: Log ID 19: INFO - Example log message 19
Mar 05 20:11:39 server1 docker[8470]: Log ID 20: WARNING - Example log message 20
Mar 05 20:11:39 server2 systemd[2289]: Log ID 21: INFO - Example log message 21
Mar 05 20:11:39 server3 nginx[6532]: Log ID 22: INFO - Example log message 22
Mar 05 20:11:39 server3 docker[2722]: Log ID 23: WARNING - Example log message 23
Mar 05 20:11:39 server1 docker[8295]: Log ID 24: INFO - Example log message 24
Mar 05 20:11:39 server1 kernel[3421]: Log ID 25: WARNING - Example log message 25
Mar 05 20:11:39 server2 kernel[9813]: Log ID 26: DEBUG - Example log message 26
Mar 05 20:11:39 server3 kernel[7839]: Log ID 27: ERROR - Example log message 27
Mar 05 20:11:39 server1 sshd[4968]: Log ID 28: DEBUG - Example log message 28
Mar 05 20:11:39 server1 sshd[7679]: Log ID 29: WARNING - Example log message 29
Mar 05 20:11:39 server3 nginx[9297]: Log ID 30: WARNING - Example log message 30
Mar 05 20:11:39 server3 sshd[2018]: Log ID 31: ERROR - Example log message 31
Mar 05 20:11:39 server1 sshd[1727]: Log ID 32: INFO - Example log message 32
Mar 05 20:11:39 server3 sshd[9294]: Log ID 33: WARNING - Example log message 33
Mar 05 20:11:39 server3 docker[7136]: Log ID 34: WARNING - Example log message 34
Mar 05 20:11:39 server2 systemd[6298]: Log ID 35: WARNING - Example log message 35
Mar 05 20:11:39 server1 nginx[6305]: Log ID 36: INFO - Example log message 36
Mar 05 20:11:39 server2 sshd[8266]: Log ID 37: WARNING - Example log message 37
Mar 05 20:11:39 server1 docker[5904]: Log ID 38: ERROR - Example log message 38
Mar 05 20:11:39 server1 nginx[7150]: Log ID 39: DEBUG - Example log message 39
Mar 05 20:11:39 server1 systemd[5016]: Log ID 40: ERROR - Example log message 40
Mar 05 20:11:39 server2 kernel[1908]: Log ID 41: INFO - Example log message 41
Mar 05 20:11:39 server1 kernel[4013]: Log ID 42: DEBUG - Example log message 42
Mar 05 20:11:39 server3 docker[9776]: Log ID 43: ERROR - Example log message 43
Mar 05 20:11:39 server3 sshd[2205]: Log ID 44: ERROR - Example log message 44
Mar 05 20:11:39 server1 docker[5541]: Log ID 45: DEBUG - Example log message 45
Mar 05 20:11:39 server3 kernel[2140]: Log ID 46: INFO - Example log message 46
Mar 05 20:11:39 server2 sshd[5425]: Log ID 47: INFO - Example log message 47
Mar 05 20:11:39 server2 kernel[4525]: Log ID 48: ERROR - Example log message 48
Mar 05 20:11:39 server2 docker[6042]: Log ID 49: DEBUG - Example log message 49
Mar 05 20:11:39 server2 nginx[4773]: Log ID 50: INFO - Example log message 50
Mar 05 20:11:39 server1 kernel[2402]: Log ID 51: INFO - Example log message 51
Mar 05 20:11:39 server1 sshd[4738]: Log ID 52: ERROR - Example log message 52
Mar 05 20:11:39 server2 docker[6934]: Log ID 53: ERROR - Example log message 53
Mar 05 20:11:39 server1 nginx[8467]: Log ID 54: DEBUG - Example log message 54
Mar 05 20:11:39 server3 systemd[9516]: Log ID 55: ERROR - Example log message 55
Mar 05 20:11:39 server2 nginx[5750]: Log ID 56: INFO - Example log message 56
Mar 05 20:11:39 server1 docker[7287]: Log ID 57: INFO - Example log message 57
Mar 05 20:11:39 server2 nginx[4478]: Log ID 58: WARNING - Example log message 58
Mar 05 20:11:39 server2 systemd[5790]: Log ID 59: WARNING - Example log message 59
Mar 05 20:11:39 server3 sshd[5056]: Log ID 60: ERROR - Example log message 60
Mar 05 20:11:39 server2 docker[9586]: Log ID 61: ERROR - Example log message 61
Mar 05 20:11:39 server3 docker[1250]: Log ID 62: WARNING - Example log message 62
Mar 05 20:11:39 server1 kernel[7633]: Log ID 63: INFO - Example log message 63
Mar 05 20:11:39 server2 docker[4657]: Log ID 64: INFO - Example log message 64
Mar 05 20:11:39 server2 nginx[4064]: Log ID 65: WARNING - Example log message 65
Mar 05 20:11:39 server3 kernel[6866]: Log ID 66: ERROR - Example log message 66
Mar 05 20:11:39 server2 sshd[2789]: Log ID 67: WARNING - Example log message 67
Mar 05 20:11:39 server3 systemd[5360]: Log ID 68: ERROR - Example log message 68
Mar 05 20:11:39 server3 systemd[4817]: Log ID 69: INFO - Example log message 69
Mar 05 20:11:39 server2 nginx[1291]: Log ID 70: ERROR - Example log message 70
Mar 05 20:11:39 server3 docker[5683]: Log ID 71: ERROR - Example log message 71
Mar 05 20:11:39 server3 kernel[6162]: Log ID 72: DEBUG - Example log message 72
Mar 05 20:11:39 server2 sshd[2024]: Log ID 73: INFO - Example log message 73
Mar 05 20:11:39 server3 docker[6310]: Log ID 74: DEBUG - Example log message 74
Mar 05 20:11:39 server3 sshd[1081]: Log ID 75: WARNING - Example log message 75
Mar 05 20:11:39 server2 systemd[6586]: Log ID 76: ERROR - Example log message 76
Mar 05 20:11:39 server1 sshd[6437]: Log ID 77: WARNING - Example log message 77
Mar 05 20:11:39 server3 docker[7725]: Log ID 78: INFO - Example log message 78
Mar 05 20:11:39 server3 docker[4367]: Log ID 79: DEBUG - Example log message 79
Mar 05 20:11:39 server3 nginx[6659]: Log ID 80: INFO - Example log message 80
Mar 05 20:11:39 server3 systemd[8584]: Log ID 81: ERROR - Example log message 81
Mar 05 20:11:39 server1 docker[7282]: Log ID 82: INFO - Example log message 82
Mar 05 20:11:39 server2 nginx[4257]: Log ID 83: DEBUG - Example log message 83
Mar 05 20:11:39 server1 docker[7278]: Log ID 84: DEBUG - Example log message 84
Mar 05 20:11:39 server2 sshd[7783]: Log ID 85: WARNING - Example log message 85
Mar 05 20:11:39 server3 sshd[2161]: Log ID 86: INFO - Example log message 86
Mar 05 20:11:39 server1 sshd[7216]: Log ID 87: DEBUG - Example log message 87
Mar 05 20:11:39 server1 systemd[9797]: Log ID 88: ERROR - Example log message 88
Mar 05 20:11:39 server1 systemd[3785]: Log ID 89: DEBUG - Example log message 89
Mar 05 20:11:39 server3 sshd[1375]: Log ID 90: INFO - Example log message 90
Mar 05 20:11:39 server3 kernel[4545]: Log ID 91: INFO - Example log message 91
Mar 05 20:11:39 server3 systemd[1589]: Log ID 92: DEBUG - Example log message 92
Mar 05 20:11:39 server2 nginx[9757]: Log ID 93: INFO - Example log message 93
Mar 05 20:11:39 server1 docker[3032]: Log ID 94: WARNING - Example log message 94
Mar 05 20:11:39 server1 systemd[1498]: Log ID 95: ERROR - Example log message 95
Mar 05 20:11:39 server2 systemd[8358]: Log ID 96: DEBUG - Example log message 96
Mar 05 20:11:39 server3 sshd[4346]: Log ID 97: INFO - Example log message 97
Mar 05 20:11:39 server1 docker[6131]: Log ID 98: ERROR - Example log message 98
Mar 05 20:11:39 server1 kernel[3517]: Log ID 99: WARNING - Example log message 99
Mar 05 20:11:39 server2 kernel[4808]: Log ID 100: WARNING - Example log message 100
Mar 05 20:11:39 server3 kernel[7438]: Log ID 101: DEBUG - Example log message 101
Mar 05 20:11:39 server1 docker[1227]: Log ID 102: ERROR - Example log message 102
Mar 05 20:11:39 server2 systemd[9928]: Log ID 103: ERROR - Example log message 103
Mar 05 20:11:39 server2 systemd[9535]: Log ID 104: WARNING - Example log message 104
Mar 05 20:11:39 server2 kernel[3780]: Log ID 105: DEBUG - Example log message 105
Mar 05 20:11:39 server2 docker[5066]: Log ID 106: ERROR - Example log message 106
Mar 05 20:11:39 server3 kernel[8781]: Log ID 107: DEBUG - Example log message 107
Mar 05 20:11:39 server3 sshd[7314]: Log ID 108: ERROR - Example log message 108
Mar 05 20:11:39 server3 kernel[1423]: Log ID 109: ERROR - Example log message 109
Mar 05 20:11:39 server3 systemd[1234]: Log ID 110: DEBUG - Example log message 110
Mar 05 20:11:39 server1 systemd[7605]: Log ID 111: INFO - Example log message 111
Mar 05 20:11:39 server3 systemd[5013]: Log ID 112: DEBUG - Example log message 112
Mar 05 20:11:39 server3 systemd[5010]: Log ID 113: DEBUG - Example log message 113
Mar 05 20:11:39 server1 docker[2641]: Log ID 114: DEBUG - Example log message 114
Mar 05 20:11:39 server2 sshd[3655]: Log ID 115: INFO - Example log message 115
Mar 05 20:11:39 server3 kernel[4839]: Log ID 116: INFO - Example log message 116
Mar 05 20:11:39 server2 docker[5723]: Log ID 117: DEBUG - Example log message 117
Mar 05 20:11:39 server1 nginx[1267]: Log ID 118: INFO - Example log message 118
Mar 05 20:11:39 server3 nginx[5029]: Log ID 119: ERROR - Example log message 119
Mar 05 20:11:39 server3 docker[2670]: Log ID 120: ERROR - Example log message 120
Mar 05 20:11:39 server1 kernel[1446]: Log ID 121: ERROR - Example log message 121
Mar 05 20:11:39 server3 systemd[9445]: Log ID 122: INFO - Example log message 122
Mar 05 20:11:39 server3 sshd[7507]: Log ID 123: INFO - Example log message 123
Mar 05 20:11:39 server2 nginx[4490]: Log ID 124: WARNING - Example log message 124
Mar 05 20:11:39 server3 systemd[5085]: Log ID 125: INFO - Example log message 125
Mar 05 20:11:39 server2 docker[5332]: Log ID 126: DEBUG - Example log message 126
Mar 05 20:11:39 server3 sshd[1934]: Log ID 127: DEBUG - Example log message 127
Mar 05 20:11:39 server3 nginx[6609]: Log ID 128: WARNING - Example log message 128
Mar 05 20:11:39 server1 systemd[9732]: Log ID 129: DEBUG - Example log message 129
Mar 05 20:11:39 server1 nginx[1852]: Log ID 130: ERROR - Example log message 130
Mar 05 20:11:39 server1 sshd[9632]: Log ID 131: DEBUG - Example log message 131
Mar 05 20:11:39 server2 sshd[6789]: Log ID 132: INFO - Example log message 132
Mar 05 20:11:39 server2 nginx[9909]: Log ID 133: INFO - Example log message 133
Mar 05 20:11:39 server3 sshd[5334]: Log ID 134: INFO - Example log message 134
Mar 05 20:11:39 server2 sshd[5876]: Log ID 135: DEBUG - Example log message 135
Mar 05 20:11:39 server2 sshd[4732]: Log ID 136: DEBUG - Example log message 136
Mar 05 20:11:39 server3 docker[8447]: Log ID 137: WARNING - Example log message 137
Mar 05 20:11:39 server1 kernel[5945]: Log ID 138: INFO - Example log message 138
Mar 05 20:11:39 server1 kernel[2497]: Log ID 139: DEBUG - Example log message 139
Mar 05 20:11:39 server1 systemd[4068]: Log ID 140: INFO - Example log message 140
Mar 05 20:11:39 server2 docker[1716]: Log ID 141: INFO - Example log message 141
Mar 05 20:11:39 server2 systemd[4539]: Log ID 142: INFO - Example log message 142
Mar 05 20:11:39 server3 nginx[6342]: Log ID 143: DEBUG - Example log message 143
Mar 05 20:11:39 server3 sshd[1266]: Log ID 144: DEBUG - Example log message 144
Mar 05 20:11:39 server2 docker[1347]: Log ID 145: ERROR - Example log message 145
Mar 05 20:11:39 server2 kernel[8401]: Log ID 146: ERROR - Example log message 146
Mar 05 20:11:39 server2 sshd[4455]: Log ID 147: ERROR - Example log message 147
Mar 05 20:11:39 server3 systemd[6764]: Log ID 148: DEBUG - Example log message 148
Mar 05 20:11:39 server1 systemd[1242]: Log ID 149: WARNING - Example log message 149
Mar 05 20:11:39 server1 nginx[9787]: Log ID 150: ERROR - Example log message 150
Mar 05 20:11:39 server2 nginx[8184]: Log ID 151: INFO - Example log message 151
Mar 05 20:11:39 server1 kernel[9981]: Log ID 152: DEBUG - Example log message 152
Mar 05 20:11:39 server2 docker[4964]: Log ID 153: DEBUG - Example log message 153
Mar 05 20:11:39 server1 nginx[2132]: Log ID 154: DEBUG - Example log message 154
Mar 05 20:11:39 server2 kernel[1307]: Log ID 155: WARNING - Example log message 155
Mar 05 20:11:39 server2 docker[4298]: Log ID 156: DEBUG - Example log message 156
Mar 05 20:11:39 server2 systemd[8880]: Log ID 157: ERROR - Example log message 157
Mar 05 20:11:39 server3 systemd[2159]: Log ID 158: INFO - Example log message 158
Mar 05 20:11:39 server1 systemd[8101]: Log ID 159: INFO - Example log message 159
Mar 05 20:11:39 server3 sshd[8583]: Log ID 160: WARNING - Example log message 160
Mar 05 20:11:39 server2 systemd[1114]: Log ID 161: DEBUG - Example log message 161
Mar 05 20:11:39 server3 docker[6303]: Log ID 162: WARNING - Example log message 162
Mar 05 20:11:39 server1 kernel[5921]: Log ID 163: INFO - Example log message 163
Mar 05 20:11:39 server3 sshd[4208]: Log ID 164: ERROR - Example log message 164
Mar 05 20:11:39 server1 sshd[8768]: Log ID 165: INFO - Example log message 165
Mar 05 20:11:39 server2 docker[8422]: Log ID 166: WARNING - Example log message 166
Mar 05 20:11:39 server1 systemd[5944]: Log ID 167: WARNING - Example log message 167
Mar 05 20:11:39 server1 sshd[6883]: Log ID 168: WARNING - Example log message 168
Mar 05 20:11:39 server1 sshd[3079]: Log ID 169: ERROR - Example log message 169
Mar 05 20:11:39 server2 sshd[6225]: Log ID 170: DEBUG - Example log message 170
Mar 05 20:11:39 server3 nginx[2857]: Log ID 171: INFO - Example log message 171
Mar 05 20:11:39 server3 docker[8321]: Log ID 172: WARNING - Example log message 172
Mar 05 20:11:39 server1 docker[2344]: Log ID 173: ERROR - Example log message 173
Mar 05 20:11:39 server2 nginx[2118]: Log ID 174: INFO - Example log message 174
Mar 05 20:11:39 server1 systemd[5457]: Log ID 175: ERROR - Example log message 175
Mar 05 20:11:39 server3 systemd[4173]: Log ID 176: INFO - Example log message 176
Mar 05 20:11:39 server2 kernel[7570]: Log ID 177: WARNING - Example log message 177
Mar 05 20:11:39 server1 kernel[7693]: Log ID 178: DEBUG - Example log message 178
Mar 05 20:11:39 server3 sshd[9315]: Log ID 179: ERROR - Example log message 179
Mar 05 20:11:39 server1 systemd[6668]: Log ID 180: WARNING - Example log message 180
Mar 05 20:11:39 server2 nginx[4557]: Log ID 181: DEBUG - Example log message 181
Mar 05 20:11:39 server2 nginx[1796]: Log ID 182: INFO - Example log message 182
Mar 05 20:11:39 server1 kernel[2564]: Log ID 183: ERROR - Example log message 183
Mar 05 20:11:39 server3 kernel[5817]: Log ID 184: INFO - Example log message 184
Mar 05 20:11:39 server3 docker[1780]: Log ID 185: ERROR - Example log message 185
Mar 05 20:11:39 server2 nginx[9625]: Log ID 186: INFO - Example log message 186
Mar 05 20:11:39 server2 nginx[9357]: Log ID 187: DEBUG - Example log message 187
Mar 05 20:11:39 server3 sshd[4385]: Log ID 188: INFO - Example log message 188
Mar 05 20:11:39 server3 sshd[1201]: Log ID 189: WARNING - Example log message 189
Mar 05 20:11:39 server1 sshd[9728]: Log ID 190: ERROR - Example log message 190
Mar 05 20:11:39 server2 systemd[8903]: Log ID 191: WARNING - Example log message 191
Mar 05 20:11:39 server1 sshd[7081]: Log ID 192: INFO - Example log message 192
Mar 05 20:11:39 server1 systemd[8894]: Log ID 193: WARNING - Example log message 193
Mar 05 20:11:39 server3 docker[1410]: Log ID 194: WARNING - Example log message 194
Mar 05 20:11:39 server2 docker[9277]: Log ID 195: INFO - Example log message 195
Mar 05 20:11:39 server3 kernel[3816]: Log ID 196: INFO - Example log message 196
Mar 05 20:11:39 server3 nginx[5405]: Log ID 197: INFO - Example log message 197
Mar 05 20:11:39 server3 systemd[2179]: Log ID 198: DEBUG - Example log message 198
Mar 05 20:11:39 server1 kernel[5235]: Log ID 199: DEBUG - Example log message 199
Mar 05 20:11:39 server2 docker[3331]: Log ID 200: INFO - Example log message 200
Mar 05 20:11:39 server1 nginx[1826]: Log ID 201: WARNING - Example log message 201
Mar 05 20:11:39 server2 nginx[2619]: Log ID 202: WARNING - Example log message 202
Mar 05 20:11:39 server3 systemd[5291]: Log ID 203: ERROR - Example log message 203
Mar 05 20:11:39 server1 docker[2443]: Log ID 204: WARNING - Example log message 204
Mar 05 20:11:39 server1 sshd[6078]: Log ID 205: DEBUG - Example log message 205
Mar 05 20:11:39 server1 nginx[9351]: Log ID 206: WARNING - Example log message 206
Mar 05 20:11:39 server3 kernel[8020]: Log ID 207: WARNING - Example log message 207
Mar 05 20:11:39 server2 nginx[8129]: Log ID 208: DEBUG - Example log message 208
Mar 05 20:11:39 server1 nginx[4539]: Log ID 209: DEBUG - Example log message 209
Mar 05 20:11:39 server3 kernel[1746]: Log ID 210: INFO - Example log message 210
Mar 05 20:11:39 server2 nginx[5844]: Log ID 211: DEBUG - Example log message 211
Mar 05 20:11:39 server3 systemd[1602]: Log ID 212: WARNING - Example log message 212
Mar 05 20:11:39 server2 systemd[1767]: Log ID 213: INFO - Example log message 213
Mar 05 20:11:39 server3 systemd[6755]: Log ID 214: INFO - Example log message 214
Mar 05 20:11:39 server3 sshd[4619]: Log ID 215: ERROR - Example log message 215
Mar 05 20:11:39 server3 systemd[1260]: Log ID 216: WARNING - Example log message 216
Mar 05 20:11:39 server2 sshd[3246]: Log ID 217: DEBUG - Example log message 217
Mar 05 20:11:39 server2 docker[4826]: Log ID 218: DEBUG - Example log message 218
Mar 05 20:11:39 server3 kernel[8530]: Log ID 219: DEBUG - Example log message 219
Mar 05 20:11:39 server1 systemd[1999]: Log ID 220: ERROR - Example log message 220
Mar 05 20:11:39 server2 sshd[5081]: Log ID 221: DEBUG - Example log message 221
Mar 05 20:11:39 server1 nginx[4563]: Log ID 222: ERROR - Example log message 222
Mar 05 20:11:39 server2 systemd[9492]: Log ID 223: INFO - Example log message 223
Mar 05 20:11:39 server1 nginx[9812]: Log ID 224: INFO - Example log message 224
Mar 05 20:11:39 server3 sshd[4357]: Log ID 225: ERROR - Example log message 225
Mar 05 20:11:39 server3 nginx[3972]: Log ID 226: WARNING - Example log message 226
Mar 05 20:11:39 server1 docker[6447]: Log ID 227: ERROR - Example log message 227
Mar 05 20:11:39 server1 nginx[4076]: Log ID 228: INFO - Example log message 228
Mar 05 20:11:39 server2 nginx[1100]: Log ID 229: ERROR - Example log message 229
Mar 05 20:11:39 server3 kernel[5276]: Log ID 230: ERROR - Example log message 230
Mar 05 20:11:39 server3 nginx[1410]: Log ID 231: ERROR - Example log message 231
Mar 05 20:11:39 server2 nginx[8728]: Log ID 232: WARNING - Example log message 232
Mar 05 20:11:39 server3 nginx[1564]: Log ID 233: INFO - Example log message 233
Mar 05 20:11:39 server2 nginx[7925]: Log ID 234: INFO - Example log message 234
Mar 05 20:11:39 server2 docker[1530]: Log ID 235: DEBUG - Example log message 235
Mar 05 20:11:39 server1 kernel[4356]: Log ID 236: DEBUG - Example log message 236
Mar 05 20:11:39 server2 systemd[3486]: Log ID 237: INFO - Example log message 237
Mar 05 20:11:39 server1 nginx[9211]: Log ID 238: DEBUG - Example log message 238
Mar 05 20:11:39 server2 docker[7229]: Log ID 239: DEBUG - Example log message 239
Mar 05 20:11:39 server2 docker[9833]: Log ID 240: ERROR - Example log message 240
Mar 05 20:11:39 server3 systemd[9151]: Log ID 241: WARNING - Example log message 241
Mar 05 20:11:39 server1 kernel[2121]: Log ID 242: WARNING - Example log message 242
Mar 05 20:11:39 server2 kernel[6400]: Log ID 243: DEBUG - Example log message 243
Mar 05 20:11:39 server2 systemd[5221]: Log ID 244: DEBUG - Example log message 244
Mar 05 20:11:39 server3 systemd[4320]: Log ID 245: ERROR - Example log message 245
Mar 05 20:11:39 server2 systemd[3173]: Log ID 246: DEBUG - Example log message 246
Mar 05 20:11:39 server2 sshd[5729]: Log ID 247: DEBUG - Example log message 247
Mar 05 20:11:39 server1 nginx[9486]: Log ID 248: DEBUG - Example log message 248
Mar 05 20:11:39 server3 sshd[7588]: Log ID 249: DEBUG - Example log message 249
Mar 05 20:11:39 server3 sshd[4983]: Log ID 250: INFO - Example log message 250
Mar 05 20:11:39 server3 systemd[5636]: Log ID 251: DEBUG - Example log message 251
Mar 05 20:11:39 server3 docker[1109]: Log ID 252: INFO - Example log message 252
Mar 05 20:11:39 server1 kernel[5096]: Log ID 253: DEBUG - Example log message 253
Mar 05 20:11:39 server1 nginx[1449]: Log ID 254: DEBUG - Example log message 254
Mar 05 20:11:39 server2 kernel[5293]: Log ID 255: DEBUG - Example log message 255
Mar 05 20:11:39 server3 systemd[2051]: Log ID 256: WARNING - Example log message 256
Mar 05 20:11:39 server2 nginx[4305]: Log ID 257: DEBUG - Example log message 257
Mar 05 20:11:39 server1 systemd[3026]: Log ID 258: DEBUG - Example log message 258
Mar 05 20:11:39 server1 docker[4543]: Log ID 259: INFO - Example log message 259
Mar 05 20:11:39 server3 kernel[4016]: Log ID 260: WARNING - Example log message 260
Mar 05 20:11:39 server2 docker[4091]: Log ID 261: WARNING - Example log message 261
Mar 05 20:11:39 server3 kernel[7332]: Log ID 262: INFO - Example log message 262
Mar 05 20:11:39 server2 kernel[5745]: Log ID 263: DEBUG - Example log message 263
Mar 05 20:11:39 server3 systemd[5900]: Log ID 264: INFO - Example log message 264
Mar 05 20:11:39 server2 nginx[4922]: Log ID 265: DEBUG - Example log message 265
Mar 05 20:11:39 server1 systemd[7780]: Log ID 266: INFO - Example log message 266
Mar 05 20:11:39 server1 sshd[1734]: Log ID 267: WARNING - Example log message 267
Mar 05 20:11:39 server2 kernel[5212]: Log ID 268: INFO - Example log message 268
Mar 05 20:11:39 server3 docker[9245]: Log ID 269: DEBUG - Example log message 269
Mar 05 20:11:39 server1 systemd[1430]: Log ID 270: INFO - Example log message 270
Mar 05 20:11:39 server2 nginx[1622]: Log ID 271: INFO - Example log message 271
Mar 05 20:11:39 server3 systemd[6916]: Log ID 272: DEBUG - Example log message 272
Mar 05 20:11:39 server2 systemd[7943]: Log ID 273: WARNING - Example log message 273
Mar 05 20:11:39 server1 docker[5584]: Log ID 274: INFO - Example log message 274
Mar 05 20:11:39 server2 kernel[9272]: Log ID 275: ERROR - Example log message 275
Mar 05 20:11:39 server2 systemd[4707]: Log ID 276: WARNING - Example log message 276
Mar 05 20:11:39 server2 sshd[5146]: Log ID 277: ERROR - Example log message 277
Mar 05 20:11:39 server3 systemd[7177]: Log ID 278: DEBUG - Example log message 278
Mar 05 20:11:39 server3 docker[8276]: Log ID 279: ERROR - Example log message 279
Mar 05 20:11:39 server1 nginx[4264]: Log ID 280: WARNING - Example log message 280
Mar 05 20:11:39 server2 nginx[3657]: Log ID 281: WARNING - Example log message 281
Mar 05 20:11:39 server2 systemd[7970]: Log ID 282: DEBUG - Example log message 282
Mar 05 20:11:39 server3 systemd[1851]: Log ID 283: DEBUG - Example log message 283
Mar 05 20:11:39 server1 sshd[7872]: Log ID 284: INFO - Example log message 284
Mar 05 20:11:39 server3 systemd[7320]: Log ID 285: DEBUG - Example log message 285
Mar 05 20:11:39 server3 kernel[7373]: Log ID 286: DEBUG - Example log message 286
Mar 05 20:11:39 server1 nginx[3937]: Log ID 287: DEBUG - Example log message 287
Mar 05 20:11:39 server1 kernel[3684]: Log ID 288: WARNING - Example log message 288
Mar 05 20:11:39 server3 sshd[6208]: Log ID 289: WARNING - Example log message 289
Mar 05 20:11:39 server1 systemd[4186]: Log ID 290: WARNING - Example log message 290
Mar 05 20:11:39 server3 sshd[1177]: Log ID 291: ERROR - Example log message 291
Mar 05 20:11:39 server1 kernel[5695]: Log ID 292: DEBUG - Example log message 292
Mar 05 20:11:39 server1 systemd[3727]: Log ID 293: WARNING - Example log message 293
Mar 05 20:11:39 server1 nginx[9918]: Log ID 294: ERROR - Example log message 294
Mar 05 20:11:39 server1 systemd[5769]: Log ID 295: INFO - Example log message 295
Mar 05 20:11:39 server2 docker[8470]: Log ID 296: WARNING - Example log message 296
Mar 05 20:11:39 server1 sshd[5675]: Log ID 297: WARNING - Example log message 297
Mar 05 20:11:39 server1 systemd[2011]: Log ID 298: DEBUG - Example log message 298
Mar 05 20:11:39 server1 nginx[7406]: Log ID 299: ERROR - Example log message 299
Mar 05 20:11:39 server2 systemd[7299]: Log ID 300: WARNING - Example log message 300
Mar 05 20:11:39 server1 nginx[1634]: Log ID 301: INFO - Example log message 301
Mar 05 20:11:39 server3 sshd[2393]: Log ID 302: WARNING - Example log message 302
Mar 05 20:11:39 server2 sshd[3856]: Log ID 303: DEBUG - Example log message 303
Mar 05 20:11:39 server2 nginx[5623]: Log ID 304: WARNING - Example log message 304
Mar 05 20:11:39 server3 nginx[8501]: Log ID 305: WARNING - Example log message 305
Mar 05 20:11:39 server3 docker[8706]: Log ID 306: WARNING - Example log message 306
Mar 05 20:11:39 server1 docker[5921]: Log ID 307: ERROR - Example log message 307
Mar 05 20:11:39 server2 kernel[2980]: Log ID 308: INFO - Example log message 308
Mar 05 20:11:39 server2 docker[8241]: Log ID 309: ERROR - Example log message 309
Mar 05 20:11:39 server3 sshd[8461]: Log ID 310: WARNING - Example log message 310
Mar 05 20:11:39 server2 kernel[5462]: Log ID 311: DEBUG - Example log message 311
Mar 05 20:11:39 server1 systemd[1117]: Log ID 312: DEBUG - Example log message 312
Mar 05 20:11:39 server2 systemd[8527]: Log ID 313: INFO - Example log message 313
Mar 05 20:11:39 server1 systemd[6298]: Log ID 314: INFO - Example log message 314
Mar 05 20:11:39 server3 sshd[4483]: Log ID 315: WARNING - Example log message 315
Mar 05 20:11:39 server1 docker[3618]: Log ID 316: WARNING - Example log message 316
Mar 05 20:11:39 server1 nginx[2966]: Log ID 317: WARNING - Example log message 317
Mar 05 20:11:39 server1 sshd[6244]: Log ID 318: INFO - Example log message 318
Mar 05 20:11:39 server1 sshd[5485]: Log ID 319: WARNING - Example log message 319
Mar 05 20:11:39 server3 systemd[1830]: Log ID 320: ERROR - Example log message 320
Mar 05 20:11:39 server1 nginx[9112]: Log ID 321: ERROR - Example log message 321
Mar 05 20:11:39 server1 kernel[7986]: Log ID 322: DEBUG - Example log message 322
Mar 05 20:11:39 server1 docker[5471]: Log ID 323: ERROR - Example log message 323
Mar 05 20:11:39 server2 kernel[5957]: Log ID 324: WARNING - Example log message 324
Mar 05 20:11:39 server2 sshd[8535]: Log ID 325: INFO - Example log message 325
Mar 05 20:11:39 server1 docker[4401]: Log ID 326: ERROR - Example log message 326
Mar 05 20:11:39 server1 docker[9434]: Log ID 327: ERROR - Example log message 327
Mar 05 20:11:39 server1 kernel[1959]: Log ID 328: WARNING - Example log message 328
Mar 05 20:11:39 server1 systemd[9609]: Log ID 329: DEBUG - Example log message 329
Mar 05 20:11:39 server3 docker[1650]: Log ID 330: DEBUG - Example log message 330
Mar 05 20:11:39 server2 sshd[5070]: Log ID 331: DEBUG - Example log message 331
Mar 05 20:11:39 server3 kernel[6215]: Log ID 332: WARNING - Example log message 332
Mar 05 20:11:39 server1 kernel[2462]: Log ID 333: INFO - Example log message 333
Mar 05 20:11:39 server2 kernel[7506]: Log ID 334: INFO - Example log message 334
Mar 05 20:11:39 server1 docker[2311]: Log ID 335: WARNING - Example log message 335
Mar 05 20:11:39 server3 systemd[5357]: Log ID 336: ERROR - Example log message 336
Mar 05 20:11:39 server2 sshd[8997]: Log ID 337: WARNING - Example log message 337
Mar 05 20:11:39 server2 sshd[8694]: Log ID 338: ERROR - Example log message 338
Mar 05 20:11:39 server3 sshd[9168]: Log ID 339: ERROR - Example log message 339
Mar 05 20:11:39 server1 nginx[2867]: Log ID 340: DEBUG - Example log message 340
Mar 05 20:11:39 server2 systemd[6171]: Log ID 341: WARNING - Example log message 341
Mar 05 20:11:39 server2 sshd[4199]: Log ID 342: DEBUG - Example log message 342
Mar 05 20:11:39 server3 kernel[4083]: Log ID 343: DEBUG - Example log message 343
Mar 05 20:11:39 server2 systemd[9516]: Log ID 344: WARNING - Example log message 344
Mar 05 20:11:39 server2 kernel[7711]: Log ID 345: WARNING - Example log message 345
Mar 05 20:11:39 server3 docker[8202]: Log ID 346: INFO - Example log message 346
Mar 05 20:11:39 server1 sshd[3107]: Log ID 347: ERROR - Example log message 347
Mar 05 20:11:39 server2 systemd[4353]: Log ID 348: WARNING - Example log message 348
Mar 05 20:11:39 server3 nginx[9892]: Log ID 349: WARNING - Example log message 349
Mar 05 20:11:39 server1 systemd[6374]: Log ID 350: DEBUG - Example log message 350
Mar 05 20:11:39 server1 nginx[9887]: Log ID 351: DEBUG - Example log message 351
Mar 05 20:11:39 server2 nginx[5209]: Log ID 352: WARNING - Example log message 352
Mar 05 20:11:39 server1 nginx[3164]: Log ID 353: DEBUG - Example log message 353
Mar 05 20:11:39 server1 sshd[4938]: Log ID 354: WARNING - Example log message 354
Mar 05 20:11:39 server2 kernel[7000]: Log ID 355: ERROR - Example log message 355
Mar 05 20:11:39 server1 kernel[9355]: Log ID 356: ERROR - Example log message 356
Mar 05 20:11:39 server1 systemd[1316]: Log ID 357: ERROR - Example log message 357
Mar 05 20:11:39 server3 systemd[8654]: Log ID 358: ERROR - Example log message 358
Mar 05 20:11:39 server2 kernel[1089]: Log ID 359: DEBUG - Example log message 359
Mar 05 20:11:39 server2 kernel[9071]: Log ID 360: DEBUG - Example log message 360
Mar 05 20:11:39 server3 sshd[2447]: Log ID 361: ERROR - Example log message 361
Mar 05 20:11:39 server1 systemd[2550]: Log ID 362: ERROR - Example log message 362
Mar 05 20:11:39 server1 systemd[1444]: Log ID 363: WARNING - Example log message 363
Mar 05 20:11:39 server1 sshd[5062]: Log ID 364: WARNING - Example log message 364
Mar 05 20:11:39 server3 docker[8030]: Log ID 365: WARNING - Example log message 365
Mar 05 20:11:39 server1 systemd[1260]: Log ID 366: INFO - Example log message 366
Mar 05 20:11:39 server3 kernel[9088]: Log ID 367: INFO - Example log message 367
Mar 05 20:11:39 server3 systemd[1509]: Log ID 368: WARNING - Example log message 368
Mar 05 20:11:39 server1 nginx[1079]: Log ID 369: WARNING - Example log message 369
Mar 05 20:11:39 server3 docker[3241]: Log ID 370: DEBUG - Example log message 370
Mar 05 20:11:39 server1 sshd[4723]: Log ID 371: ERROR - Example log message 371
Mar 05 20:11:39 server1 systemd[2255]: Log ID 372: ERROR - Example log message 372
Mar 05 20:11:39 server1 nginx[2721]: Log ID 373: DEBUG - Example log message 373
Mar 05 20:11:39 server1 kernel[4496]: Log ID 374: WARNING - Example log message 374
Mar 05 20:11:39 server2 nginx[4224]: Log ID 375: WARNING - Example log message 375
Mar 05 20:11:39 server1 kernel[3872]: Log ID 376: ERROR - Example log message 376
Mar 05 20:11:39 server2 kernel[3693]: Log ID 377: ERROR - Example log message 377
Mar 05 20:11:39 server3 nginx[9763]: Log ID 378: ERROR - Example log message 378
Mar 05 20:11:39 server3 docker[4895]: Log ID 379: DEBUG - Example log message 379
Mar 05 20:11:39 server2 systemd[5522]: Log ID 380: INFO - Example log message 380
Mar 05 20:11:39 server1 sshd[4486]: Log ID 381: WARNING - Example log message 381
Mar 05 20:11:39 server2 docker[2417]: Log ID 382: ERROR - Example log message 382
Mar 05 20:11:39 server1 docker[9359]: Log ID 383: INFO - Example log message 383
Mar 05 20:11:39 server2 docker[4375]: Log ID 384: WARNING - Example log message 384
Mar 05 20:11:39 server1 kernel[2430]: Log ID 385: DEBUG - Example log message 385
Mar 05 20:11:39 server1 kernel[9453]: Log ID 386: INFO - Example log message 386
Mar 05 20:11:39 server2 sshd[8106]: Log ID 387: INFO - Example log message 387
Mar 05 20:11:39 server3 docker[1969]: Log ID 388: DEBUG - Example log message 388
Mar 05 20:11:39 server2 nginx[2087]: Log ID 389: INFO - Example log message 389
Mar 05 20:11:39 server2 kernel[5122]: Log ID 390: ERROR - Example log message 390
Mar 05 20:11:39 server1 sshd[2434]: Log ID 391: WARNING - Example log message 391
Mar 05 20:11:39 server2 kernel[2223]: Log ID 392: DEBUG - Example log message 392
Mar 05 20:11:39 server3 nginx[5205]: Log ID 393: ERROR - Example log message 393
Mar 05 20:11:39 server2 nginx[9650]: Log ID 394: WARNING - Example log message 394
Mar 05 20:11:39 server2 kernel[4568]: Log ID 395: ERROR - Example log message 395
Mar 05 20:11:39 server2 nginx[7064]: Log ID 396: DEBUG - Example log message 396
Mar 05 20:11:39 server1 systemd[1287]: Log ID 397: INFO - Example log message 397
Mar 05 20:11:39 server1 nginx[7206]: Log ID 398: WARNING - Example log message 398
Mar 05 20:11:39 server1 nginx[5855]: Log ID 399: ERROR - Example log message 399
Mar 05 20:11:39 server1 kernel[4780]: Log ID 400: ERROR - Example log message 400
Mar 05 20:11:39 server3 sshd[4486]: Log ID 401: WARNING - Example log message 401
Mar 05 20:11:39 server2 docker[7514]: Log ID 402: INFO - Example log message 402
Mar 05 20:11:39 server2 kernel[9088]: Log ID 403: DEBUG - Example log message 403
Mar 05 20:11:39 server3 systemd[3262]: Log ID 404: DEBUG - Example log message 404
Mar 05 20:11:39 server2 nginx[2595]: Log ID 405: ERROR - Example log message 405
Mar 05 20:11:39 server1 docker[9565]: Log ID 406: WARNING - Example log message 406
Mar 05 20:11:39 server3 docker[2913]: Log ID 407: INFO - Example log message 407
Mar 05 20:11:39 server2 systemd[1921]: Log ID 408: WARNING - Example log message 408
Mar 05 20:11:39 server2 docker[2932]: Log ID 409: DEBUG - Example log message 409
Mar 05 20:11:39 server2 systemd[6447]: Log ID 410: ERROR - Example log message 410
Mar 05 20:11:39 server2 systemd[7084]: Log ID 411: DEBUG - Example log message 411
Mar 05 20:11:39 server1 systemd[1933]: Log ID 412: DEBUG - Example log message 412
Mar 05 20:11:39 server1 docker[8316]: Log ID 413: DEBUG - Example log message 413
Mar 05 20:11:39 server2 systemd[2589]: Log ID 414: DEBUG - Example log message 414
Mar 05 20:11:39 server1 systemd[9314]: Log ID 415: ERROR - Example log message 415
Mar 05 20:11:39 server2 sshd[9970]: Log ID 416: WARNING - Example log message 416
Mar 05 20:11:39 server1 kernel[5498]: Log ID 417: INFO - Example log message 417
Mar 05 20:11:39 server1 nginx[5710]: Log ID 418: DEBUG - Example log message 418
Mar 05 20:11:39 server2 systemd[4096]: Log ID 419: INFO - Example log message 419
Mar 05 20:11:39 server1 nginx[8836]: Log ID 420: WARNING - Example log message 420
Mar 05 20:11:39 server3 nginx[8272]: Log ID 421: ERROR - Example log message 421
Mar 05 20:11:39 server2 docker[8089]: Log ID 422: ERROR - Example log message 422
Mar 05 20:11:39 server2 systemd[3144]: Log ID 423: ERROR - Example log message 423
Mar 05 20:11:39 server2 sshd[3659]: Log ID 424: DEBUG - Example log message 424
Mar 05 20:11:39 server1 systemd[8308]: Log ID 425: INFO - Example log message 425
Mar 05 20:11:39 server2 docker[4039]: Log ID 426: WARNING - Example log message 426
Mar 05 20:11:39 server2 docker[4696]: Log ID 427: INFO - Example log message 427
Mar 05 20:11:39 server1 docker[4853]: Log ID 428: INFO - Example log message 428
Mar 05 20:11:39 server2 sshd[1184]: Log ID 429: DEBUG - Example log message 429
Mar 05 20:11:39 server2 docker[6524]: Log ID 430: ERROR - Example log message 430
Mar 05 20:11:39 server1 kernel[2470]: Log ID 431: WARNING - Example log message 431
Mar 05 20:11:39 server3 sshd[5961]: Log ID 432: ERROR - Example log message 432
Mar 05 20:11:39 server2 kernel[5689]: Log ID 433: DEBUG - Example log message 433
Mar 05 20:11:39 server2 kernel[9243]: Log ID 434: INFO - Example log message 434
Mar 05 20:11:39 server1 docker[4939]: Log ID 435: DEBUG - Example log message 435
Mar 05 20:11:39 server2 sshd[2957]: Log ID 436: INFO - Example log message 436
Mar 05 20:11:39 server2 sshd[6905]: Log ID 437: ERROR - Example log message 437
Mar 05 20:11:39 server3 kernel[7094]: Log ID 438: ERROR - Example log message 438
Mar 05 20:11:39 server3 kernel[1601]: Log ID 439: WARNING - Example log message 439
Mar 05 20:11:39 server2 sshd[5334]: Log ID 440: ERROR - Example log message 440
Mar 05 20:11:39 server3 kernel[2199]: Log ID 441: ERROR - Example log message 441
Mar 05 20:11:39 server2 systemd[2109]: Log ID 442: WARNING - Example log message 442
Mar 05 20:11:39 server1 kernel[4921]: Log ID 443: WARNING - Example log message 443
Mar 05 20:11:39 server1 sshd[2714]: Log ID 444: INFO - Example log message 444
Mar 05 20:11:39 server1 nginx[6967]: Log ID 445: INFO - Example log message 445
Mar 05 20:11:39 server2 sshd[5569]: Log ID 446: INFO - Example log message 446
Mar 05 20:11:39 server2 sshd[9089]: Log ID 447: INFO - Example log message 447
Mar 05 20:11:39 server3 sshd[2664]: Log ID 448: DEBUG - Example log message 448
Mar 05 20:11:39 server2 systemd[3458]: Log ID 449: DEBUG - Example log message 449
Mar 05 20:11:39 server1 docker[2361]: Log ID 450: DEBUG - Example log message 450
Mar 05 20:11:39 server1 nginx[3839]: Log ID 451: ERROR - Example log message 451
Mar 05 20:11:39 server2 systemd[5253]: Log ID 452: INFO - Example log message 452
Mar 05 20:11:39 server3 docker[8838]: Log ID 453: INFO - Example log message 453
Mar 05 20:11:39 server3 systemd[8692]: Log ID 454: ERROR - Example log message 454
Mar 05 20:11:39 server1 systemd[2986]: Log ID 455: INFO - Example log message 455
Mar 05 20:11:39 server3 nginx[3375]: Log ID 456: ERROR - Example log message 456
Mar 05 20:11:39 server1 systemd[7866]: Log ID 457: DEBUG - Example log message 457
Mar 05 20:11:39 server3 docker[9813]: Log ID 458: WARNING - Example log message 458
Mar 05 20:11:39 server2 systemd[2101]: Log ID 459: INFO - Example log message 459
Mar 05 20:11:39 server1 nginx[5561]: Log ID 460: WARNING - Example log message 460
Mar 05 20:11:39 server2 sshd[4629]: Log ID 461: WARNING - Example log message 461
Mar 05 20:11:39 server3 docker[7852]: Log ID 462: WARNING - Example log message 462
Mar 05 20:11:39 server1 systemd[1959]: Log ID 463: WARNING - Example log message 463
Mar 05 20:11:39 server1 kernel[7871]: Log ID 464: DEBUG - Example log message 464
Mar 05 20:11:39 server1 nginx[6525]: Log ID 465: ERROR - Example log message 465
Mar 05 20:11:39 server3 sshd[9588]: Log ID 466: WARNING - Example log message 466
Mar 05 20:11:39 server2 nginx[2543]: Log ID 467: DEBUG - Example log message 467
Mar 05 20:11:39 server3 kernel[3295]: Log ID 468: DEBUG - Example log message 468
Mar 05 20:11:39 server3 nginx[9061]: Log ID 469: DEBUG - Example log message 469
Mar 05 20:11:39 server1 docker[7335]: Log ID 470: ERROR - Example log message 470
Mar 05 20:11:39 server2 sshd[2107]: Log ID 471: INFO - Example log message 471
Mar 05 20:11:39 server3 systemd[5980]: Log ID 472: DEBUG - Example log message 472
Mar 05 20:11:39 server2 systemd[6707]: Log ID 473: ERROR - Example log message 473
Mar 05 20:11:39 server2 docker[4311]: Log ID 474: WARNING - Example log message 474
Mar 05 20:11:39 server1 kernel[6734]: Log ID 475: INFO - Example log message 475
Mar 05 20:11:39 server3 systemd[9042]: Log ID 476: DEBUG - Example log message 476
Mar 05 20:11:39 server3 docker[8964]: Log ID 477: WARNING - Example log message 477
Mar 05 20:11:39 server3 docker[8733]: Log ID 478: WARNING - Example log message 478
Mar 05 20:11:39 server3 sshd[6739]: Log ID 479: ERROR - Example log message 479
Mar 05 20:11:39 server2 nginx[3273]: Log ID 480: ERROR - Example log message 480
Mar 05 20:11:39 server3 systemd[1158]: Log ID 481: ERROR - Example log message 481
Mar 05 20:11:39 server2 sshd[3419]: Log ID 482: WARNING - Example log message 482
Mar 05 20:11:39 server3 nginx[2548]: Log ID 483: ERROR - Example log message 483
Mar 05 20:11:39 server3 nginx[6533]: Log ID 484: ERROR - Example log message 484
Mar 05 20:11:39 server1 systemd[1447]: Log ID 485: WARNING - Example log message 485
Mar 05 20:11:39 server3 nginx[3573]: Log ID 486: INFO - Example log message 486
Mar 05 20:11:39 server3 systemd[9445]: Log ID 487: DEBUG - Example log message 487
Mar 05 20:11:39 server2 docker[6967]: Log ID 488: INFO - Example log message 488
Mar 05 20:11:39 server1 kernel[2414]: Log ID 489: DEBUG - Example log message 489
Mar 05 20:11:39 server3 systemd[3661]: Log ID 490: DEBUG - Example log message 490
Mar 05 20:11:39 server2 systemd[6639]: Log ID 491: WARNING - Example log message 491
Mar 05 20:11:39 server3 nginx[7386]: Log ID 492: DEBUG - Example log message 492
Mar 05 20:11:39 server3 docker[8095]: Log ID 493: ERROR - Example log message 493
Mar 05 20:11:39 server1 nginx[4779]: Log ID 494: INFO - Example log message 494
Mar 05 20:11:39 server3 nginx[2712]: Log ID 495: DEBUG - Example log message 495
Mar 05 20:11:39 server3 kernel[8159]: Log ID 496: DEBUG - Example log message 496
Mar 05 20:11:39 server2 nginx[6833]: Log ID 497: INFO - Example log message 497
Mar 05 20:11:39 server2 kernel[5242]: Log ID 498: INFO - Example log message 498
Mar 05 20:11:39 server3 kernel[1790]: Log ID 499: INFO - Example log message 499
Mar 05 20:11:39 server3 kernel[1279]: Log ID 500: INFO - Example log message 500
Mar 05 20:11:39 server1 kernel[6378]: Log ID 501: WARNING - Example log message 501
Mar 05 20:11:39 server2 sshd[1878]: Log ID 502: INFO - Example log message 502
Mar 05 20:11:39 server3 nginx[5681]: Log ID 503: INFO - Example log message 503
Mar 05 20:11:39 server1 systemd[5390]: Log ID 504: WARNING - Example log message 504
Mar 05 20:11:39 server1 sshd[4002]: Log ID 505: WARNING - Example log message 505
Mar 05 20:11:39 server1 docker[9386]: Log ID 506: ERROR - Example log message 506
Mar 05 20:11:39 server2 sshd[7342]: Log ID 507: WARNING - Example log message 507
Mar 05 20:11:39 server1 kernel[5735]: Log ID 508: INFO - Example log message 508
Mar 05 20:11:39 server2 sshd[5859]: Log ID 509: DEBUG - Example log message 509
Mar 05 20:11:39 server3 kernel[3087]: Log ID 510: DEBUG - Example log message 510
Mar 05 20:11:39 server1 sshd[9887]: Log ID 511: ERROR - Example log message 511
Mar 05 20:11:39 server3 sshd[2212]: Log ID 512: ERROR - Example log message 512
Mar 05 20:11:39 server2 kernel[1089]: Log ID 513: WARNING - Example log message 513
Mar 05 20:11:39 server2 sshd[4898]: Log ID 514: WARNING - Example log message 514
Mar 05 20:11:39 server1 kernel[6607]: Log ID 515: DEBUG - Example log message 515
Mar 05 20:11:39 server1 sshd[5053]: Log ID 516: WARNING - Example log message 516
Mar 05 20:11:39 server2 nginx[1134]: Log ID 517: DEBUG - Example log message 517
Mar 05 20:11:39 server3 kernel[3482]: Log ID 518: ERROR - Example log message 518
Mar 05 20:11:39 server3 sshd[6844]: Log ID 519: WARNING - Example log message 519
Mar 05 20:11:39 server2 docker[2549]: Log ID 520: ERROR - Example log message 520
Mar 05 20:11:39 server3 systemd[8790]: Log ID 521: ERROR - Example log message 521
Mar 05 20:11:39 server2 docker[5257]: Log ID 522: WARNING - Example log message 522
Mar 05 20:11:39 server1 systemd[2285]: Log ID 523: WARNING - Example log message 523
Mar 05 20:11:39 server1 kernel[4654]: Log ID 524: WARNING - Example log message 524
Mar 05 20:11:39 server1 sshd[2798]: Log ID 525: DEBUG - Example log message 525
Mar 05 20:11:39 server1 nginx[8049]: Log ID 526: DEBUG - Example log message 526
Mar 05 20:11:39 server1 systemd[7863]: Log ID 527: WARNING - Example log message 527
Mar 05 20:11:39 server3 systemd[3591]: Log ID 528: ERROR - Example log message 528
Mar 05 20:11:39 server1 sshd[7784]: Log ID 529: INFO - Example log message 529
Mar 05 20:11:39 server2 kernel[2861]: Log ID 530: DEBUG - Example log message 530
Mar 05 20:11:39 server1 kernel[2495]: Log ID 531: DEBUG - Example log message 531
Mar 05 20:11:39 server3 kernel[5183]: Log ID 532: INFO - Example log message 532
Mar 05 20:11:39 server2 nginx[2133]: Log ID 533: WARNING - Example log message 533
Mar 05 20:11:39 server3 systemd[1735]: Log ID 534: WARNING - Example log message 534
Mar 05 20:11:39 server1 docker[2641]: Log ID 535: ERROR - Example log message 535
Mar 05 20:11:39 server1 kernel[2866]: Log ID 536: DEBUG - Example log message 536
Mar 05 20:11:39 server1 docker[1515]: Log ID 537: WARNING - Example log message 537
Mar 05 20:11:39 server2 sshd[1105]: Log ID 538: ERROR - Example log message 538
Mar 05 20:11:39 server1 sshd[3947]: Log ID 539: ERROR - Example log message 539
Mar 05 20:11:39 server2 docker[7486]: Log ID 540: WARNING - Example log message 540
Mar 05 20:11:39 server3 kernel[1703]: Log ID 541: WARNING - Example log message 541
Mar 05 20:11:39 server3 nginx[4106]: Log ID 542: ERROR - Example log message 542
Mar 05 20:11:39 server2 kernel[1209]: Log ID 543: INFO - Example log message 543
Mar 05 20:11:39 server1 docker[9280]: Log ID 544: INFO - Example log message 544
Mar 05 20:11:39 server3 sshd[6377]: Log ID 545: DEBUG - Example log message 545
Mar 05 20:11:39 server1 kernel[2288]: Log ID 546: DEBUG - Example log message 546
Mar 05 20:11:39 server2 docker[1606]: Log ID 547: DEBUG - Example log message 547
Mar 05 20:11:39 server1 sshd[9624]: Log ID 548: ERROR - Example log message 548
Mar 05 20:11:39 server3 systemd[9747]: Log ID 549: INFO - Example log message 549
Mar 05 20:11:39 server3 sshd[3949]: Log ID 550: ERROR - Example log message 550
Mar 05 20:11:39 server2 kernel[8688]: Log ID 551: INFO - Example log message 551
Mar 05 20:11:39 server3 systemd[3494]: Log ID 552: INFO - Example log message 552
Mar 05 20:11:39 server1 systemd[6005]: Log ID 553: DEBUG - Example log message 553
Mar 05 20:11:39 server2 systemd[3374]: Log ID 554: DEBUG - Example log message 554
Mar 05 20:11:39 server3 kernel[8800]: Log ID 555: INFO - Example log message 555
Mar 05 20:11:39 server3 kernel[4371]: Log ID 556: ERROR - Example log message 556
Mar 05 20:11:39 server3 nginx[9466]: Log ID 557: INFO - Example log message 557
Mar 05 20:11:39 server2 kernel[9203]: Log ID 558: DEBUG - Example log message 558
Mar 05 20:11:39 server1 systemd[4750]: Log ID 559: DEBUG - Example log message 559
Mar 05 20:11:39 server2 sshd[9132]: Log ID 560: INFO - Example log message 560
Mar 05 20:11:39 server1 kernel[7772]: Log ID 561: DEBUG - Example log message 561
Mar 05 20:11:39 server2 systemd[6500]: Log ID 562: WARNING - Example log message 562
Mar 05 20:11:39 server2 docker[8635]: Log ID 563: INFO - Example log message 563
Mar 05 20:11:39 server1 nginx[7844]: Log ID 564: DEBUG - Example log message 564
Mar 05 20:11:39 server2 kernel[7413]: Log ID 565: ERROR - Example log message 565
Mar 05 20:11:39 server1 docker[8170]: Log ID 566: INFO - Example log message 566
Mar 05 20:11:39 server2 kernel[6462]: Log ID 567: WARNING - Example log message 567
Mar 05 20:11:39 server2 docker[9019]: Log ID 568: ERROR - Example log message 568
Mar 05 20:11:39 server1 systemd[2973]: Log ID 569: WARNING - Example log message 569
Mar 05 20:11:39 server1 sshd[5632]: Log ID 570: WARNING - Example log message 570
Mar 05 20:11:39 server3 nginx[8935]: Log ID 571: ERROR - Example log message 571
Mar 05 20:11:39 server1 kernel[7076]: Log ID 572: DEBUG - Example log message 572
Mar 05 20:11:39 server3 systemd[1531]: Log ID 573: INFO - Example log message 573
Mar 05 20:11:39 server2 systemd[2497]: Log ID 574: INFO - Example log message 574
Mar 05 20:11:39 server2 nginx[1693]: Log ID 575: INFO - Example log message 575
Mar 05 20:11:39 server3 docker[8027]: Log ID 576: ERROR - Example log message 576
Mar 05 20:11:39 server2 kernel[8201]: Log ID 577: DEBUG - Example log message 577
Mar 05 20:11:39 server2 docker[8173]: Log ID 578: ERROR - Example log message 578
Mar 05 20:11:39 server1 kernel[8208]: Log ID 579: DEBUG - Example log message 579
Mar 05 20:11:39 server1 systemd[2778]: Log ID 580: ERROR - Example log message 580
Mar 05 20:11:39 server2 nginx[9492]: Log ID 581: WARNING - Example log message 581
Mar 05 20:11:39 server1 docker[4734]: Log ID 582: ERROR - Example log message 582
Mar 05 20:11:39 server3 systemd[9079]: Log ID 583: ERROR - Example log message 583
Mar 05 20:11:39 server3 sshd[4588]: Log ID 584: DEBUG - Example log message 584
Mar 05 20:11:39 server1 systemd[9686]: Log ID 585: ERROR - Example log message 585
Mar 05 20:11:39 server1 nginx[7619]: Log ID 586: ERROR - Example log message 586
Mar 05 20:11:39 server2 docker[9641]: Log ID 587: ERROR - Example log message 587
Mar 05 20:11:39 server2 kernel[5049]: Log ID 588: DEBUG - Example log message 588
Mar 05 20:11:39 server2 systemd[4006]: Log ID 589: INFO - Example log message 589
Mar 05 20:11:39 server1 kernel[7703]: Log ID 590: ERROR - Example log message 590
Mar 05 20:11:39 server3 systemd[6275]: Log ID 591: WARNING - Example log message 591
Mar 05 20:11:39 server1 sshd[8904]: Log ID 592: DEBUG - Example log message 592
Mar 05 20:11:39 server1 systemd[4948]: Log ID 593: DEBUG - Example log message 593
Mar 05 20:11:39 server1 kernel[6521]: Log ID 594: INFO - Example log message 594
Mar 05 20:11:39 server2 sshd[9278]: Log ID 595: DEBUG - Example log message 595
Mar 05 20:11:39 server2 sshd[6328]: Log ID 596: INFO - Example log message 596
Mar 05 20:11:39 server3 kernel[7688]: Log ID 597: ERROR - Example log message 597
Mar 05 20:11:39 server2 sshd[4174]: Log ID 598: WARNING - Example log message 598
Mar 05 20:11:39 server3 sshd[7665]: Log ID 599: WARNING - Example log message 599
Mar 05 20:11:39 server2 nginx[9758]: Log ID 600: DEBUG - Example log message 600
Mar 05 20:11:39 server2 sshd[6107]: Log ID 601: INFO - Example log message 601
Mar 05 20:11:39 server2 docker[6860]: Log ID 602: WARNING - Example log message 602
Mar 05 20:11:39 server1 systemd[8319]: Log ID 603: DEBUG - Example log message 603
Mar 05 20:11:39 server3 sshd[4169]: Log ID 604: WARNING - Example log message 604
Mar 05 20:11:39 server1 systemd[3324]: Log ID 605: ERROR - Example log message 605
Mar 05 20:11:39 server3 docker[1784]: Log ID 606: ERROR - Example log message 606
Mar 05 20:11:39 server3 nginx[3828]: Log ID 607: INFO - Example log message 607
Mar 05 20:11:39 server3 kernel[8418]: Log ID 608: WARNING - Example log message 608
Mar 05 20:11:39 server1 docker[7391]: Log ID 609: DEBUG - Example log message 609
Mar 05 20:11:39 server1 docker[9985]: Log ID 610: DEBUG - Example log message 610
Mar 05 20:11:39 server2 nginx[5122]: Log ID 611: WARNING - Example log message 611
Mar 05 20:11:39 server3 sshd[6772]: Log ID 612: WARNING - Example log message 612
Mar 05 20:11:39 server1 kernel[9125]: Log ID 613: WARNING - Example log message 613
Mar 05 20:11:39 server2 kernel[9711]: Log ID 614: DEBUG - Example log message 614
Mar 05 20:11:39 server1 systemd[4193]: Log ID 615: ERROR - Example log message 615
Mar 05 20:11:39 server3 sshd[4377]: Log ID 616: ERROR - Example log message 616
Mar 05 20:11:39 server3 docker[8049]: Log ID 617: DEBUG - Example log message 617
Mar 05 20:11:39 server3 kernel[9028]: Log ID 618: ERROR - Example log message 618
Mar 05 20:11:39 server3 nginx[7340]: Log ID 619: WARNING - Example log message 619
Mar 05 20:11:39 server1 sshd[3546]: Log ID 620: DEBUG - Example log message 620
Mar 05 20:11:39 server1 systemd[4655]: Log ID 621: ERROR - Example log message 621
Mar 05 20:11:39 server2 nginx[7539]: Log ID 622: ERROR - Example log message 622
Mar 05 20:11:39 server1 systemd[1729]: Log ID 623: DEBUG - Example log message 623
Mar 05 20:11:39 server3 sshd[3657]: Log ID 624: WARNING - Example log message 624
Mar 05 20:11:39 server2 docker[3452]: Log ID 625: ERROR - Example log message 625
Mar 05 20:11:39 server2 docker[2181]: Log ID 626: DEBUG - Example log message 626
Mar 05 20:11:39 server2 docker[2157]: Log ID 627: WARNING - Example log message 627
Mar 05 20:11:39 server1 docker[4394]: Log ID 628: INFO - Example log message 628
Mar 05 20:11:39 server1 kernel[4408]: Log ID 629: INFO - Example log message 629
Mar 05 20:11:39 server3 docker[1402]: Log ID 630: ERROR - Example log message 630
Mar 05 20:11:39 server3 nginx[2479]: Log ID 631: ERROR - Example log message 631
Mar 05 20:11:39 server1 kernel[1206]: Log ID 632: ERROR - Example log message 632
Mar 05 20:11:39 server2 systemd[2091]: Log ID 633: ERROR - Example log message 633
Mar 05 20:11:39 server1 docker[3213]: Log ID 634: INFO - Example log message 634
Mar 05 20:11:39 server3 nginx[2846]: Log ID 635: INFO - Example log message 635
Mar 05 20:11:39 server3 kernel[8892]: Log ID 636: DEBUG - Example log message 636
Mar 05 20:11:39 server2 sshd[7709]: Log ID 637: INFO - Example log message 637
Mar 05 20:11:39 server1 sshd[8202]: Log ID 638: WARNING - Example log message 638
Mar 05 20:11:39 server2 nginx[7633]: Log ID 639: DEBUG - Example log message 639
Mar 05 20:11:39 server1 nginx[7957]: Log ID 640: WARNING - Example log message 640
Mar 05 20:11:39 server1 systemd[1297]: Log ID 641: ERROR - Example log message 641
Mar 05 20:11:39 server3 sshd[9898]: Log ID 642: WARNING - Example log message 642
Mar 05 20:11:39 server3 sshd[1996]: Log ID 643: DEBUG - Example log message 643
Mar 05 20:11:39 server2 kernel[9149]: Log ID 644: WARNING - Example log message 644
Mar 05 20:11:39 server1 systemd[7007]: Log ID 645: WARNING - Example log message 645
Mar 05 20:11:39 server2 sshd[6400]: Log ID 646: ERROR - Example log message 646
Mar 05 20:11:39 server1 sshd[1279]: Log ID 647: INFO - Example log message 647
Mar 05 20:11:39 server2 docker[1805]: Log ID 648: ERROR - Example log message 648
Mar 05 20:11:39 server1 kernel[9544]: Log ID 649: WARNING - Example log message 649
Mar 05 20:11:39 server1 nginx[1133]: Log ID 650: ERROR - Example log message 650
Mar 05 20:11:39 server1 sshd[4322]: Log ID 651: INFO - Example log message 651
Mar 05 20:11:39 server2 kernel[5571]: Log ID 652: ERROR - Example log message 652
Mar 05 20:11:39 server3 nginx[1164]: Log ID 653: INFO - Example log message 653
Mar 05 20:11:39 server2 kernel[7956]: Log ID 654: WARNING - Example log message 654
Mar 05 20:11:39 server1 sshd[8630]: Log ID 655: INFO - Example log message 655
Mar 05 20:11:39 server1 docker[6159]: Log ID 656: ERROR - Example log message 656
Mar 05 20:11:39 server1 nginx[9445]: Log ID 657: INFO - Example log message 657
Mar 05 20:11:39 server3 nginx[1716]: Log ID 658: DEBUG - Example log message 658
Mar 05 20:11:39 server1 systemd[6102]: Log ID 659: WARNING - Example log message 659
Mar 05 20:11:39 server3 nginx[2573]: Log ID 660: DEBUG - Example log message 660
Mar 05 20:11:39 server1 systemd[6727]: Log ID 661: ERROR - Example log message 661
Mar 05 20:11:39 server2 sshd[5584]: Log ID 662: WARNING - Example log message 662
Mar 05 20:11:39 server3 kernel[5312]: Log ID 663: INFO - Example log message 663
Mar 05 20:11:39 server1 nginx[4445]: Log ID 664: INFO - Example log message 664
Mar 05 20:11:39 server2 kernel[9734]: Log ID 665: ERROR - Example log message 665
Mar 05 20:11:40 server3 systemd[6621]: Log ID 666: ERROR - Example log message 666
Mar 05 20:11:40 server1 docker[8869]: Log ID 667: INFO - Example log message 667
Mar 05 20:11:40 server3 docker[5916]: Log ID 668: WARNING - Example log message 668
Mar 05 20:11:40 server1 nginx[6842]: Log ID 669: WARNING - Example log message 669
Mar 05 20:11:40 server3 kernel[6091]: Log ID 670: WARNING - Example log message 670
Mar 05 20:11:40 server2 sshd[5822]: Log ID 671: ERROR - Example log message 671
Mar 05 20:11:40 server1 sshd[1053]: Log ID 672: DEBUG - Example log message 672
Mar 05 20:11:40 server2 systemd[3489]: Log ID 673: WARNING - Example log message 673
Mar 05 20:11:40 server3 nginx[4691]: Log ID 674: WARNING - Example log message 674
Mar 05 20:11:40 server3 kernel[6221]: Log ID 675: WARNING - Example log message 675
Mar 05 20:11:40 server3 kernel[7246]: Log ID 676: INFO - Example log message 676
Mar 05 20:11:40 server2 kernel[2155]: Log ID 677: WARNING - Example log message 677
Mar 05 20:11:40 server2 systemd[4263]: Log ID 678: WARNING - Example log message 678
Mar 05 20:11:40 server1 docker[3260]: Log ID 679: WARNING - Example log message 679
Mar 05 20:11:40 server1 nginx[5486]: Log ID 680: ERROR - Example log message 680
Mar 05 20:11:40 server3 nginx[8583]: Log ID 681: DEBUG - Example log message 681
Mar 05 20:11:40 server1 sshd[9955]: Log ID 682: ERROR - Example log message 682
Mar 05 20:11:40 server3 docker[2364]: Log ID 683: DEBUG - Example log message 683
Mar 05 20:11:40 server2 nginx[1700]: Log ID 684: WARNING - Example log message 684
Mar 05 20:11:40 server2 docker[5912]: Log ID 685: ERROR - Example log message 685
Mar 05 20:11:40 server1 systemd[5754]: Log ID 686: DEBUG - Example log message 686
Mar 05 20:11:40 server1 sshd[6724]: Log ID 687: DEBUG - Example log message 687
Mar 05 20:11:40 server2 sshd[6525]: Log ID 688: INFO - Example log message 688
Mar 05 20:11:40 server3 sshd[1739]: Log ID 689: WARNING - Example log message 689
Mar 05 20:11:40 server1 nginx[8276]: Log ID 690: DEBUG - Example log message 690
Mar 05 20:11:40 server2 docker[7031]: Log ID 691: INFO - Example log message 691
Mar 05 20:11:40 server1 kernel[4194]: Log ID 692: WARNING - Example log message 692
Mar 05 20:11:40 server2 docker[3267]: Log ID 693: INFO - Example log message 693
Mar 05 20:11:40 server1 sshd[4940]: Log ID 694: ERROR - Example log message 694
Mar 05 20:11:40 server2 sshd[3541]: Log ID 695: WARNING - Example log message 695
Mar 05 20:11:40 server3 systemd[9195]: Log ID 696: WARNING - Example log message 696
Mar 05 20:11:40 server3 nginx[1418]: Log ID 697: INFO - Example log message 697
Mar 05 20:11:40 server3 nginx[3281]: Log ID 698: DEBUG - Example log message 698
Mar 05 20:11:40 server3 nginx[1349]: Log ID 699: ERROR - Example log message 699
Mar 05 20:11:40 server1 kernel[3444]: Log ID 700: ERROR - Example log message 700
Mar 05 20:11:40 server3 nginx[8603]: Log ID 701: INFO - Example log message 701
Mar 05 20:11:40 server3 kernel[1298]: Log ID 702: WARNING - Example log message 702
Mar 05 20:11:40 server3 kernel[7384]: Log ID 703: DEBUG - Example log message 703
Mar 05 20:11:40 server2 sshd[6591]: Log ID 704: INFO - Example log message 704
Mar 05 20:11:40 server3 sshd[6038]: Log ID 705: INFO - Example log message 705
Mar 05 20:11:40 server1 docker[3781]: Log ID 706: ERROR - Example log message 706
Mar 05 20:11:40 server2 nginx[3995]: Log ID 707: ERROR - Example log message 707
Mar 05 20:11:40 server3 systemd[8755]: Log ID 708: WARNING - Example log message 708
Mar 05 20:11:40 server3 docker[4145]: Log ID 709: DEBUG - Example log message 709
Mar 05 20:11:40 server1 kernel[4830]: Log ID 710: WARNING - Example log message 710
Mar 05 20:11:40 server1 docker[7575]: Log ID 711: DEBUG - Example log message 711
Mar 05 20:11:40 server3 kernel[4725]: Log ID 712: ERROR - Example log message 712
Mar 05 20:11:40 server2 sshd[3091]: Log ID 713: INFO - Example log message 713
Mar 05 20:11:40 server3 nginx[4284]: Log ID 714: DEBUG - Example log message 714
Mar 05 20:11:40 server3 nginx[4659]: Log ID 715: ERROR - Example log message 715
Mar 05 20:11:40 server1 sshd[9060]: Log ID 716: WARNING - Example log message 716
Mar 05 20:11:40 server2 systemd[7005]: Log ID 717: WARNING - Example log message 717
Mar 05 20:11:40 server3 systemd[3759]: Log ID 718: WARNING - Example log message 718
Mar 05 20:11:40 server2 kernel[3814]: Log ID 719: DEBUG - Example log message 719
Mar 05 20:11:40 server3 sshd[6799]: Log ID 720: INFO - Example log message 720
Mar 05 20:11:40 server1 sshd[6728]: Log ID 721: DEBUG - Example log message 721
Mar 05 20:11:40 server3 kernel[1082]: Log ID 722: INFO - Example log message 722
Mar 05 20:11:40 server2 kernel[2931]: Log ID 723: ERROR - Example log message 723
Mar 05 20:11:40 server1 sshd[4179]: Log ID 724: INFO - Example log message 724
Mar 05 20:11:40 server1 nginx[3364]: Log ID 725: DEBUG - Example log message 725
Mar 05 20:11:40 server2 nginx[7998]: Log ID 726: ERROR - Example log message 726
Mar 05 20:11:40 server1 systemd[2517]: Log ID 727: DEBUG - Example log message 727
Mar 05 20:11:40 server3 docker[1226]: Log ID 728: DEBUG - Example log message 728
Mar 05 20:11:40 server2 kernel[5275]: Log ID 729: ERROR - Example log message 729
Mar 05 20:11:40 server1 systemd[2830]: Log ID 730: WARNING - Example log message 730
Mar 05 20:11:40 server1 nginx[7185]: Log ID 731: ERROR - Example log message 731
Mar 05 20:11:40 server2 nginx[8280]: Log ID 732: INFO - Example log message 732
Mar 05 20:11:40 server3 systemd[2414]: Log ID 733: ERROR - Example log message 733
Mar 05 20:11:40 server1 nginx[4236]: Log ID 734: INFO - Example log message 734
Mar 05 20:11:40 server1 kernel[3557]: Log ID 735: ERROR - Example log message 735
Mar 05 20:11:40 server3 systemd[5087]: Log ID 736: DEBUG - Example log message 736
Mar 05 20:11:40 server1 sshd[8677]: Log ID 737: DEBUG - Example log message 737
Mar 05 20:11:40 server1 kernel[6877]: Log ID 738: ERROR - Example log message 738
Mar 05 20:11:40 server2 docker[5667]: Log ID 739: ERROR - Example log message 739
Mar 05 20:11:40 server2 sshd[7582]: Log ID 740: DEBUG - Example log message 740
Mar 05 20:11:40 server2 sshd[4154]: Log ID 741: INFO - Example log message 741
Mar 05 20:11:40 server1 kernel[5044]: Log ID 742: WARNING - Example log message 742
Mar 05 20:11:40 server3 sshd[3028]: Log ID 743: DEBUG - Example log message 743
Mar 05 20:11:40 server3 nginx[9813]: Log ID 744: DEBUG - Example log message 744
Mar 05 20:11:40 server3 docker[4326]: Log ID 745: INFO - Example log message 745
Mar 05 20:11:40 server1 nginx[6944]: Log ID 746: WARNING - Example log message 746
Mar 05 20:11:40 server3 systemd[8791]: Log ID 747: INFO - Example log message 747
Mar 05 20:11:40 server2 docker[8523]: Log ID 748: INFO - Example log message 748
Mar 05 20:11:40 server2 docker[4462]: Log ID 749: ERROR - Example log message 749
Mar 05 20:11:40 server3 systemd[4509]: Log ID 750: INFO - Example log message 750
Mar 05 20:11:40 server3 sshd[9156]: Log ID 751: DEBUG - Example log message 751
Mar 05 20:11:40 server3 systemd[1372]: Log ID 752: ERROR - Example log message 752
Mar 05 20:11:40 server3 sshd[9221]: Log ID 753: WARNING - Example log message 753
Mar 05 20:11:40 server2 docker[1908]: Log ID 754: DEBUG - Example log message 754
Mar 05 20:11:40 server1 docker[1646]: Log ID 755: INFO - Example log message 755
Mar 05 20:11:40 server1 systemd[6381]: Log ID 756: WARNING - Example log message 756
Mar 05 20:11:40 server3 nginx[5327]: Log ID 757: WARNING - Example log message 757
Mar 05 20:11:40 server3 docker[8518]: Log ID 758: WARNING - Example log message 758
Mar 05 20:11:40 server1 sshd[5291]: Log ID 759: DEBUG - Example log message 759
Mar 05 20:11:40 server3 kernel[3794]: Log ID 760: DEBUG - Example log message 760
Mar 05 20:11:40 server3 systemd[1510]: Log ID 761: INFO - Example log message 761
Mar 05 20:11:40 server2 systemd[5700]: Log ID 762: WARNING - Example log message 762
Mar 05 20:11:40 server1 nginx[8056]: Log ID 763: INFO - Example log message 763
Mar 05 20:11:40 server1 sshd[1871]: Log ID 764: DEBUG - Example log message 764
Mar 05 20:11:40 server3 sshd[6640]: Log ID 765: DEBUG - Example log message 765
Mar 05 20:11:40 server3 kernel[8479]: Log ID 766: ERROR - Example log message 766
Mar 05 20:11:40 server2 kernel[2146]: Log ID 767: DEBUG - Example log message 767
Mar 05 20:11:40 server3 systemd[7551]: Log ID 768: ERROR - Example log message 768
Mar 05 20:11:40 server1 nginx[9042]: Log ID 769: INFO - Example log message 769
Mar 05 20:11:40 server2 systemd[6655]: Log ID 770: INFO - Example log message 770
Mar 05 20:11:40 server3 nginx[8008]: Log ID 771: ERROR - Example log message 771
Mar 05 20:11:40 server1 nginx[7626]: Log ID 772: INFO - Example log message 772
Mar 05 20:11:40 server1 sshd[4403]: Log ID 773: INFO - Example log message 773
Mar 05 20:11:40 server1 systemd[2491]: Log ID 774: ERROR - Example log message 774
Mar 05 20:11:40 server2 docker[6695]: Log ID 775: WARNING - Example log message 775
Mar 05 20:11:40 server3 sshd[2029]: Log ID 776: DEBUG - Example log message 776
Mar 05 20:11:40 server2 systemd[3978]: Log ID 777: ERROR - Example log message 777
Mar 05 20:11:40 server3 kernel[5440]: Log ID 778: ERROR - Example log message 778
Mar 05 20:11:40 server3 sshd[5888]: Log ID 779: DEBUG - Example log message 779
Mar 05 20:11:40 server2 systemd[8546]: Log ID 780: ERROR - Example log message 780
Mar 05 20:11:40 server2 docker[4795]: Log ID 781: WARNING - Example log message 781
Mar 05 20:11:40 server1 docker[8440]: Log ID 782: WARNING - Example log message 782
Mar 05 20:11:40 server3 sshd[7239]: Log ID 783: ERROR - Example log message 783
Mar 05 20:11:40 server3 nginx[8208]: Log ID 784: WARNING - Example log message 784
Mar 05 20:11:40 server2 sshd[7422]: Log ID 785: INFO - Example log message 785
Mar 05 20:11:40 server3 kernel[2499]: Log ID 786: DEBUG - Example log message 786
Mar 05 20:11:40 server2 systemd[3475]: Log ID 787: ERROR - Example log message 787
Mar 05 20:11:40 server1 kernel[9070]: Log ID 788: DEBUG - Example log message 788
Mar 05 20:11:40 server3 kernel[9404]: Log ID 789: ERROR - Example log message 789
Mar 05 20:11:40 server1 sshd[6288]: Log ID 790: ERROR - Example log message 790
Mar 05 20:11:40 server3 nginx[2067]: Log ID 791: DEBUG - Example log message 791
Mar 05 20:11:40 server1 nginx[8888]: Log ID 792: WARNING - Example log message 792
Mar 05 20:11:40 server2 kernel[1052]: Log ID 793: ERROR - Example log message 793
Mar 05 20:11:40 server3 docker[9419]: Log ID 794: ERROR - Example log message 794
Mar 05 20:11:40 server1 nginx[2115]: Log ID 795: DEBUG - Example log message 795
Mar 05 20:11:40 server3 systemd[1334]: Log ID 796: ERROR - Example log message 796
Mar 05 20:11:40 server3 sshd[3327]: Log ID 797: DEBUG - Example log message 797
Mar 05 20:11:40 server3 docker[4032]: Log ID 798: INFO - Example log message 798
Mar 05 20:11:40 server2 kernel[8568]: Log ID 799: DEBUG - Example log message 799
Mar 05 20:11:40 server2 docker[6746]: Log ID 800: DEBUG - Example log message 800
Mar 05 20:11:40 server3 sshd[5318]: Log ID 801: WARNING - Example log message 801
Mar 05 20:11:40 server3 docker[7075]: Log ID 802: INFO - Example log message 802
Mar 05 20:11:40 server1 systemd[2303]: Log ID 803: DEBUG - Example log message 803
Mar 05 20:11:40 server1 nginx[6013]: Log ID 804: WARNING - Example log message 804
Mar 05 20:11:40 server3 docker[8325]: Log ID 805: DEBUG - Example log message 805
Mar 05 20:11:40 server1 sshd[4374]: Log ID 806: DEBUG - Example log message 806
Mar 05 20:11:40 server3 systemd[7146]: Log ID 807: ERROR - Example log message 807
Mar 05 20:11:40 server2 sshd[5455]: Log ID 808: WARNING - Example log message 808
Mar 05 20:11:40 server1 nginx[6437]: Log ID 809: DEBUG - Example log message 809
Mar 05 20:11:40 server1 kernel[3474]: Log ID 810: DEBUG - Example log message 810
Mar 05 20:11:40 server1 nginx[6053]: Log ID 811: ERROR - Example log message 811
Mar 05 20:11:40 server2 kernel[8729]: Log ID 812: INFO - Example log message 812
Mar 05 20:11:40 server3 sshd[4081]: Log ID 813: INFO - Example log message 813
Mar 05 20:11:40 server3 kernel[3011]: Log ID 814: WARNING - Example log message 814
Mar 05 20:11:40 server3 sshd[3228]: Log ID 815: DEBUG - Example log message 815
Mar 05 20:11:40 server2 docker[7568]: Log ID 816: ERROR - Example log message 816
Mar 05 20:11:40 server3 sshd[2179]: Log ID 817: DEBUG - Example log message 817
Mar 05 20:11:40 server3 nginx[3807]: Log ID 818: ERROR - Example log message 818
Mar 05 20:11:40 server3 systemd[1895]: Log ID 819: DEBUG - Example log message 819
Mar 05 20:11:40 server1 docker[9812]: Log ID 820: DEBUG - Example log message 820
Mar 05 20:11:40 server2 kernel[8438]: Log ID 821: DEBUG - Example log message 821
Mar 05 20:11:40 server2 kernel[8664]: Log ID 822: ERROR - Example log message 822
Mar 05 20:11:40 server2 nginx[2905]: Log ID 823: INFO - Example log message 823
Mar 05 20:11:40 server1 sshd[6649]: Log ID 824: WARNING - Example log message 824
Mar 05 20:11:40 server3 systemd[1173]: Log ID 825: WARNING - Example log message 825
Mar 05 20:11:40 server3 docker[7846]: Log ID 826: INFO - Example log message 826
Mar 05 20:11:40 server3 docker[1071]: Log ID 827: DEBUG - Example log message 827
Mar 05 20:11:40 server2 nginx[3936]: Log ID 828: INFO - Example log message 828
Mar 05 20:11:40 server2 nginx[3564]: Log ID 829: DEBUG - Example log message 829
Mar 05 20:11:40 server3 kernel[5213]: Log ID 830: WARNING - Example log message 830
Mar 05 20:11:40 server3 nginx[6451]: Log ID 831: DEBUG - Example log message 831
Mar 05 20:11:40 server3 kernel[4871]: Log ID 832: WARNING - Example log message 832
Mar 05 20:11:40 server1 docker[9471]: Log ID 833: ERROR - Example log message 833
Mar 05 20:11:40 server2 docker[5030]: Log ID 834: WARNING - Example log message 834
Mar 05 20:11:40 server2 docker[2579]: Log ID 835: DEBUG - Example log message 835
Mar 05 20:11:40 server3 nginx[3414]: Log ID 836: ERROR - Example log message 836
Mar 05 20:11:40 server2 kernel[9117]: Log ID 837: ERROR - Example log message 837
Mar 05 20:11:40 server2 nginx[5503]: Log ID 838: DEBUG - Example log message 838
Mar 05 20:11:40 server2 nginx[6279]: Log ID 839: INFO - Example log message 839
Mar 05 20:11:40 server3 docker[3787]: Log ID 840: DEBUG - Example log message 840
Mar 05 20:11:40 server1 nginx[7041]: Log ID 841: INFO - Example log message 841
Mar 05 20:11:40 server2 kernel[4268]: Log ID 842: WARNING - Example log message 842
Mar 05 20:11:40 server1 nginx[6742]: Log ID 843: DEBUG - Example log message 843
Mar 05 20:11:40 server1 docker[4368]: Log ID 844: INFO - Example log message 844
Mar 05 20:11:40 server2 kernel[2652]: Log ID 845: ERROR - Example log message 845
Mar 05 20:11:40 server1 docker[3770]: Log ID 846: DEBUG - Example log message 846
Mar 05 20:11:40 server3 kernel[1168]: Log ID 847: DEBUG - Example log message 847
Mar 05 20:11:40 server3 systemd[9423]: Log ID 848: WARNING - Example log message 848
Mar 05 20:11:40 server2 docker[8061]: Log ID 849: INFO - Example log message 849
Mar 05 20:11:40 server2 nginx[9862]: Log ID 850: WARNING - Example log message 850
Mar 05 20:11:40 server1 systemd[6606]: Log ID 851: WARNING - Example log message 851
Mar 05 20:11:40 server1 docker[2316]: Log ID 852: WARNING - Example log message 852
Mar 05 20:11:40 server1 sshd[3005]: Log ID 853: DEBUG - Example log message 853
Mar 05 20:11:40 server3 sshd[3321]: Log ID 854: ERROR - Example log message 854
Mar 05 20:11:40 server3 sshd[8150]: Log ID 855: WARNING - Example log message 855
Mar 05 20:11:40 server1 sshd[3348]: Log ID 856: DEBUG - Example log message 856
Mar 05 20:11:40 server2 systemd[2331]: Log ID 857: ERROR - Example log message 857
Mar 05 20:11:40 server1 systemd[6687]: Log ID 858: ERROR - Example log message 858
Mar 05 20:11:40 server2 docker[7936]: Log ID 859: ERROR - Example log message 859
Mar 05 20:11:40 server3 docker[7213]: Log ID 860: WARNING - Example log message 860
Mar 05 20:11:40 server1 nginx[2694]: Log ID 861: DEBUG - Example log message 861
Mar 05 20:11:40 server1 sshd[1291]: Log ID 862: DEBUG - Example log message 862
Mar 05 20:11:40 server2 docker[2715]: Log ID 863: ERROR - Example log message 863
Mar 05 20:11:40 server3 sshd[6477]: Log ID 864: DEBUG - Example log message 864
Mar 05 20:11:40 server1 sshd[9120]: Log ID 865: DEBUG - Example log message 865
Mar 05 20:11:40 server2 nginx[1373]: Log ID 866: DEBUG - Example log message 866
Mar 05 20:11:40 server1 sshd[4247]: Log ID 867: ERROR - Example log message 867
Mar 05 20:11:40 server2 nginx[5292]: Log ID 868: DEBUG - Example log message 868
Mar 05 20:11:40 server3 systemd[6427]: Log ID 869: WARNING - Example log message 869
Mar 05 20:11:40 server2 sshd[9566]: Log ID 870: ERROR - Example log message 870
Mar 05 20:11:40 server1 systemd[7173]: Log ID 871: WARNING - Example log message 871
Mar 05 20:11:40 server1 docker[9832]: Log ID 872: ERROR - Example log message 872
Mar 05 20:11:40 server1 kernel[5553]: Log ID 873: DEBUG - Example log message 873
Mar 05 20:11:40 server3 systemd[9482]: Log ID 874: ERROR - Example log message 874
Mar 05 20:11:40 server3 sshd[5061]: Log ID 875: WARNING - Example log message 875
Mar 05 20:11:40 server2 kernel[8961]: Log ID 876: WARNING - Example log message 876
Mar 05 20:11:40 server3 systemd[5041]: Log ID 877: DEBUG - Example log message 877
Mar 05 20:11:40 server2 sshd[3363]: Log ID 878: INFO - Example log message 878
Mar 05 20:11:40 server1 sshd[2484]: Log ID 879: WARNING - Example log message 879
Mar 05 20:11:40 server2 nginx[2144]: Log ID 880: DEBUG - Example log message 880
Mar 05 20:11:40 server2 systemd[5424]: Log ID 881: INFO - Example log message 881
Mar 05 20:11:40 server2 systemd[7641]: Log ID 882: DEBUG - Example log message 882
Mar 05 20:11:40 server2 nginx[2025]: Log ID 883: ERROR - Example log message 883
Mar 05 20:11:40 server3 kernel[8276]: Log ID 884: WARNING - Example log message 884
Mar 05 20:11:40 server2 kernel[2264]: Log ID 885: WARNING - Example log message 885
Mar 05 20:11:40 server1 nginx[6979]: Log ID 886: ERROR - Example log message 886
Mar 05 20:11:40 server1 docker[2487]: Log ID 887: INFO - Example log message 887
Mar 05 20:11:40 server2 systemd[5857]: Log ID 888: WARNING - Example log message 888
Mar 05 20:11:40 server3 sshd[6071]: Log ID 889: WARNING - Example log message 889
Mar 05 20:11:40 server3 kernel[6234]: Log ID 890: DEBUG - Example log message 890
Mar 05 20:11:40 server2 kernel[4154]: Log ID 891: WARNING - Example log message 891
Mar 05 20:11:40 server2 docker[3283]: Log ID 892: ERROR - Example log message 892
Mar 05 20:11:40 server2 kernel[6906]: Log ID 893: DEBUG - Example log message 893
Mar 05 20:11:40 server2 docker[7766]: Log ID 894: WARNING - Example log message 894
Mar 05 20:11:40 server3 docker[3478]: Log ID 895: WARNING - Example log message 895
Mar 05 20:11:40 server2 kernel[1817]: Log ID 896: WARNING - Example log message 896
Mar 05 20:11:40 server2 kernel[7455]: Log ID 897: INFO - Example log message 897
Mar 05 20:11:40 server1 docker[1066]: Log ID 898: WARNING - Example log message 898
Mar 05 20:11:40 server1 kernel[3164]: Log ID 899: WARNING - Example log message 899
Mar 05 20:11:40 server3 kernel[2083]: Log ID 900: WARNING - Example log message 900
Mar 05 20:11:40 server3 sshd[3952]: Log ID 901: WARNING - Example log message 901
Mar 05 20:11:40 server1 kernel[8497]: Log ID 902: DEBUG - Example log message 902
Mar 05 20:11:40 server1 kernel[5842]: Log ID 903: ERROR - Example log message 903
Mar 05 20:11:40 server2 systemd[5406]: Log ID 904: INFO - Example log message 904
Mar 05 20:11:40 server3 sshd[1131]: Log ID 905: INFO - Example log message 905
Mar 05 20:11:40 server1 kernel[6143]: Log ID 906: ERROR - Example log message 906
Mar 05 20:11:40 server2 sshd[6962]: Log ID 907: ERROR - Example log message 907
Mar 05 20:11:40 server2 systemd[8462]: Log ID 908: INFO - Example log message 908
Mar 05 20:11:40 server1 kernel[6377]: Log ID 909: DEBUG - Example log message 909
Mar 05 20:11:40 server2 docker[6548]: Log ID 910: ERROR - Example log message 910
Mar 05 20:11:40 server2 nginx[4397]: Log ID 911: INFO - Example log message 911
Mar 05 20:11:40 server1 docker[2995]: Log ID 912: WARNING - Example log message 912
Mar 05 20:11:40 server2 docker[2608]: Log ID 913: INFO - Example log message 913
Mar 05 20:11:40 server3 sshd[8419]: Log ID 914: INFO - Example log message 914
Mar 05 20:11:40 server2 systemd[8620]: Log ID 915: INFO - Example log message 915
Mar 05 20:11:40 server3 sshd[8046]: Log ID 916: INFO - Example log message 916
Mar 05 20:11:40 server1 systemd[2179]: Log ID 917: DEBUG - Example log message 917
Mar 05 20:11:40 server3 systemd[8646]: Log ID 918: ERROR - Example log message 918
Mar 05 20:11:40 server3 kernel[7252]: Log ID 919: INFO - Example log message 919
Mar 05 20:11:40 server1 kernel[5291]: Log ID 920: INFO - Example log message 920
Mar 05 20:11:40 server2 nginx[4262]: Log ID 921: ERROR - Example log message 921
Mar 05 20:11:40 server3 nginx[8305]: Log ID 922: WARNING - Example log message 922
Mar 05 20:11:40 server3 kernel[9326]: Log ID 923: DEBUG - Example log message 923
Mar 05 20:11:40 server1 sshd[1255]: Log ID 924: ERROR - Example log message 924
Mar 05 20:11:40 server1 sshd[4715]: Log ID 925: DEBUG - Example log message 925
Mar 05 20:11:40 server2 nginx[7742]: Log ID 926: DEBUG - Example log message 926
Mar 05 20:11:40 server1 nginx[9912]: Log ID 927: DEBUG - Example log message 927
Mar 05 20:11:40 server3 systemd[3101]: Log ID 928: DEBUG - Example log message 928
Mar 05 20:11:40 server1 docker[2899]: Log ID 929: ERROR - Example log message 929
Mar 05 20:11:40 server1 docker[1315]: Log ID 930: DEBUG - Example log message 930
Mar 05 20:11:40 server3 nginx[1579]: Log ID 931: ERROR - Example log message 931
Mar 05 20:11:40 server2 systemd[8567]: Log ID 932: WARNING - Example log message 932
Mar 05 20:11:40 server1 sshd[9544]: Log ID 933: DEBUG - Example log message 933
Mar 05 20:11:40 server3 nginx[5254]: Log ID 934: DEBUG - Example log message 934
Mar 05 20:11:40 server1 nginx[3232]: Log ID 935: ERROR - Example log message 935
Mar 05 20:11:40 server2 systemd[2256]: Log ID 936: DEBUG - Example log message 936
Mar 05 20:11:40 server1 docker[3281]: Log ID 937: DEBUG - Example log message 937
Mar 05 20:11:40 server1 sshd[1963]: Log ID 938: DEBUG - Example log message 938
Mar 05 20:11:40 server2 sshd[4656]: Log ID 939: WARNING - Example log message 939
Mar 05 20:11:40 server1 kernel[7753]: Log ID 940: WARNING - Example log message 940
Mar 05 20:11:40 server1 nginx[9049]: Log ID 941: WARNING - Example log message 941
Mar 05 20:11:40 server3 sshd[7571]: Log ID 942: WARNING - Example log message 942
Mar 05 20:11:40 server3 kernel[4898]: Log ID 943: ERROR - Example log message 943
Mar 05 20:11:40 server3 docker[6217]: Log ID 944: DEBUG - Example log message 944
Mar 05 20:11:40 server3 kernel[2346]: Log ID 945: WARNING - Example log message 945
Mar 05 20:11:40 server2 sshd[2683]: Log ID 946: WARNING - Example log message 946
Mar 05 20:11:40 server1 kernel[7287]: Log ID 947: ERROR - Example log message 947
Mar 05 20:11:40 server2 systemd[3486]: Log ID 948: WARNING - Example log message 948
Mar 05 20:11:40 server3 systemd[7828]: Log ID 949: WARNING - Example log message 949
Mar 05 20:11:40 server3 nginx[2966]: Log ID 950: WARNING - Example log message 950
Mar 05 20:11:40 server3 nginx[8396]: Log ID 951: WARNING - Example log message 951
Mar 05 20:11:40 server3 nginx[6456]: Log ID 952: ERROR - Example log message 952
Mar 05 20:11:40 server3 kernel[1616]: Log ID 953: WARNING - Example log message 953
Mar 05 20:11:40 server1 nginx[5662]: Log ID 954: INFO - Example log message 954
Mar 05 20:11:40 server3 kernel[4903]: Log ID 955: INFO - Example log message 955
Mar 05 20:11:40 server3 nginx[5537]: Log ID 956: INFO - Example log message 956
Mar 05 20:11:40 server3 docker[4934]: Log ID 957: INFO - Example log message 957
Mar 05 20:11:40 server3 docker[2720]: Log ID 958: WARNING - Example log message 958
Mar 05 20:11:40 server1 kernel[5143]: Log ID 959: ERROR - Example log message 959
Mar 05 20:11:40 server3 systemd[1760]: Log ID 960: DEBUG - Example log message 960
Mar 05 20:11:40 server3 systemd[3336]: Log ID 961: ERROR - Example log message 961
Mar 05 20:11:40 server1 nginx[1123]: Log ID 962: DEBUG - Example log message 962
Mar 05 20:11:40 server2 docker[6240]: Log ID 963: WARNING - Example log message 963
Mar 05 20:11:40 server1 nginx[7089]: Log ID 964: DEBUG - Example log message 964
Mar 05 20:11:40 server3 kernel[7626]: Log ID 965: WARNING - Example log message 965
Mar 05 20:11:40 server2 sshd[9462]: Log ID 966: INFO - Example log message 966
Mar 05 20:11:40 server1 systemd[4137]: Log ID 967: WARNING - Example log message 967
Mar 05 20:11:40 server1 nginx[6146]: Log ID 968: INFO - Example log message 968
Mar 05 20:11:40 server3 docker[4847]: Log ID 969: INFO - Example log message 969
Mar 05 20:11:40 server3 sshd[2788]: Log ID 970: ERROR - Example log message 970
Mar 05 20:11:40 server1 sshd[5533]: Log ID 971: WARNING - Example log message 971
Mar 05 20:11:40 server2 nginx[1398]: Log ID 972: INFO - Example log message 972
Mar 05 20:11:40 server3 systemd[4234]: Log ID 973: DEBUG - Example log message 973
Mar 05 20:11:40 server3 sshd[7856]: Log ID 974: ERROR - Example log message 974
Mar 05 20:11:40 server2 kernel[5862]: Log ID 975: ERROR - Example log message 975
Mar 05 20:11:40 server3 kernel[9333]: Log ID 976: DEBUG - Example log message 976
Mar 05 20:11:40 server2 kernel[6867]: Log ID 977: DEBUG - Example log message 977
Mar 05 20:11:40 server3 systemd[8263]: Log ID 978: DEBUG - Example log message 978
Mar 05 20:11:40 server2 nginx[8361]: Log ID 979: INFO - Example log message 979
Mar 05 20:11:40 server3 nginx[5441]: Log ID 980: ERROR - Example log message 980
Mar 05 20:11:40 server3 sshd[4344]: Log ID 981: WARNING - Example log message 981
Mar 05 20:11:40 server2 docker[6358]: Log ID 982: INFO - Example log message 982
Mar 05 20:11:40 server2 systemd[8843]: Log ID 983: DEBUG - Example log message 983
Mar 05 20:11:40 server2 sshd[3057]: Log ID 984: ERROR - Example log message 984
Mar 05 20:11:40 server2 docker[5075]: Log ID 985: ERROR - Example log message 985
Mar 05 20:11:40 server3 sshd[3563]: Log ID 986: DEBUG - Example log message 986
Mar 05 20:11:40 server2 systemd[1948]: Log ID 987: ERROR - Example log message 987
Mar 05 20:11:40 server2 nginx[7828]: Log ID 988: DEBUG - Example log message 988
Mar 05 20:11:40 server1 systemd[8443]: Log ID 989: WARNING - Example log message 989
Mar 05 20:11:40 server1 kernel[4844]: Log ID 990: INFO - Example log message 990
Mar 05 20:11:40 server1 kernel[4458]: Log ID 991: DEBUG - Example log message 991
Mar 05 20:11:40 server1 nginx[8710]: Log ID 992: INFO - Example log message 992
Mar 05 20:11:40 server2 nginx[7266]: Log ID 993: ERROR - Example log message 993
Mar 05 20:11:40 server2 nginx[5681]: Log ID 994: WARNING - Example log message 994
Mar 05 20:11:40 server1 nginx[7620]: Log ID 995: INFO - Example log message 995
Mar 05 20:11:40 server2 systemd[6670]: Log ID 996: DEBUG - Example log message 996
Mar 05 20:11:40 server2 docker[4423]: Log ID 997: WARNING - Example log message 997
Mar 05 20:11:40 server2 systemd[2061]: Log ID 998: ERROR - Example log message 998
Mar 05 20:11:40 server1 nginx[6344]: Log ID 999: ERROR - Example log message 999
Mar 05 20:11:40 server3 systemd[3432]: Log ID 1000: ERROR - Example log message 1000
